This file contains any messages produced by compilers while
running configure, to aid debugging if configure makes a mistake.

It was created by hypre configure 2.11.2, which was
generated by GNU Autoconf 2.69.  Invocation command line was

  $ ./configure --enable-fortran

## --------- ##
## Platform. ##
## --------- ##

hostname = pfe27
uname -m = x86_64
uname -r = 4.4.103-92.56.1.20180105-nasa
uname -s = Linux
uname -v = #1 SMP Wed Dec 27 16:24:31 UTC 2017 (2fd2155)

/usr/bin/uname -p = x86_64
/bin/uname -X     = unknown

/bin/arch              = x86_64
/usr/bin/arch -k       = unknown
/usr/convex/getsysinfo = unknown
/usr/bin/hostinfo      = unknown
/bin/machine           = unknown
/usr/bin/oslevel       = unknown
/bin/universe          = unknown

PATH: /nasa/hpe/mpt/2.17r4/bin
PATH: /nasa/intel/Compiler/2018.0.128/compilers_and_libraries_2018.0.128/linux/bin/intel64
PATH: /usr/local/bin
PATH: /usr/local/sbin
PATH: /usr/bin
PATH: /bin
PATH: /usr/X11R6/bin
PATH: /PBS/bin
PATH: /usr/sbin
PATH: /sbin
PATH: /opt/c3/bin
PATH: /opt/sgi/sbin
PATH: /opt/sgi/bin


## ----------- ##
## Core tests. ##
## ----------- ##

configure:2337: checking build system type
configure:2351: result: x86_64-pc-linux-gnu
configure:2375: checking host system type
configure:2388: result: x86_64-pc-linux-gnu
configure:3330: checking for mpxlc
configure:3360: result: no
configure:3330: checking for mpixlc
configure:3360: result: no
configure:3330: checking for mpiicc
configure:3360: result: no
configure:3330: checking for mpicc
configure:3346: found /nasa/hpe/mpt/2.17r4/bin/mpicc
configure:3357: result: mpicc
configure:3519: checking for mpxlC
configure:3549: result: no
configure:3519: checking for mpixlcxx
configure:3549: result: no
configure:3519: checking for mpiicpc
configure:3549: result: no
configure:3519: checking for mpiCC
configure:3549: result: no
configure:3519: checking for mpicxx
configure:3535: found /nasa/hpe/mpt/2.17r4/bin/mpicxx
configure:3546: result: mpicxx
configure:3708: checking for mpxlf
configure:3738: result: no
configure:3708: checking for mpixlf77
configure:3738: result: no
configure:3708: checking for mpiifort
configure:3738: result: no
configure:3708: checking for mpif77
configure:3724: found /nasa/hpe/mpt/2.17r4/bin/mpif77
configure:3735: result: mpif77
configure:3755: checking whether make sets $(MAKE)
configure:3777: result: yes
configure:3829: checking for ranlib
configure:3845: found /usr/bin/ranlib
configure:3856: result: ranlib
configure:4185: checking for C compiler version
configure:4194: mpicc --version >&5
gcc (SUSE Linux) 4.8.5
Copyright (C) 2015 Free Software Foundation, Inc.
This is free software; see the source for copying conditions.  There is NO
warranty; not even for MERCHANTABILITY or FITNESS FOR A PARTICULAR PURPOSE.

configure:4205: $? = 0
configure:4194: mpicc -v >&5
Using built-in specs.
COLLECT_GCC=gcc
COLLECT_LTO_WRAPPER=/usr/lib64/gcc/x86_64-suse-linux/4.8/lto-wrapper
Target: x86_64-suse-linux
Configured with: ../configure --prefix=/usr --infodir=/usr/share/info --mandir=/usr/share/man --libdir=/usr/lib64 --libexecdir=/usr/lib64 --enable-languages=c,c++,objc,fortran,obj-c++,java,ada --enable-checking=release --with-gxx-include-dir=/usr/include/c++/4.8 --enable-ssp --disable-libssp --disable-plugin --with-bugurl=http://bugs.opensuse.org/ --with-pkgversion='SUSE Linux' --disable-libgcj --disable-libmudflap --with-slibdir=/lib64 --with-system-zlib --enable-__cxa_atexit --enable-libstdcxx-allocator=new --disable-libstdcxx-pch --enable-version-specific-runtime-libs --enable-linker-build-id --enable-linux-futex --program-suffix=-4.8 --without-system-libunwind --with-arch-32=i586 --with-tune=generic --build=x86_64-suse-linux --host=x86_64-suse-linux
Thread model: posix
gcc version 4.8.5 (SUSE Linux) 
configure:4205: $? = 0
configure:4194: mpicc -V >&5
gcc: error: unrecognized command line option '-V'
gcc: fatal error: no input files
compilation terminated.
configure:4205: $? = 1
configure:4194: mpicc -qversion >&5
gcc: error: unrecognized command line option '-qversion'
configure:4205: $? = 1
configure:4225: checking whether the C compiler works
configure:4247: mpicc    conftest.c  >&5
configure:4251: $? = 0
configure:4299: result: yes
configure:4302: checking for C compiler default output file name
configure:4304: result: a.out
configure:4310: checking for suffix of executables
configure:4317: mpicc -o conftest    conftest.c  >&5
configure:4321: $? = 0
configure:4343: result: 
configure:4365: checking whether we are cross compiling
configure:4373: mpicc -o conftest    conftest.c  >&5
configure:4377: $? = 0
configure:4384: ./conftest
configure:4388: $? = 0
configure:4403: result: no
configure:4408: checking for suffix of object files
configure:4430: mpicc -c   conftest.c >&5
configure:4434: $? = 0
configure:4455: result: o
configure:4459: checking whether we are using the GNU C compiler
configure:4478: mpicc -c   conftest.c >&5
configure:4478: $? = 0
configure:4487: result: yes
configure:4496: checking whether mpicc accepts -g
configure:4516: mpicc -c -g  conftest.c >&5
configure:4516: $? = 0
configure:4557: result: yes
configure:4574: checking for mpicc option to accept ISO C89
configure:4637: mpicc  -c -g -O2  conftest.c >&5
configure:4637: $? = 0
configure:4650: result: none needed
configure:4786: checking for C++ compiler version
configure:4795: mpicxx --version >&5
g++ (SUSE Linux) 4.8.5
Copyright (C) 2015 Free Software Foundation, Inc.
This is free software; see the source for copying conditions.  There is NO
warranty; not even for MERCHANTABILITY or FITNESS FOR A PARTICULAR PURPOSE.

configure:4806: $? = 0
configure:4795: mpicxx -v >&5
Using built-in specs.
COLLECT_GCC=g++
COLLECT_LTO_WRAPPER=/usr/lib64/gcc/x86_64-suse-linux/4.8/lto-wrapper
Target: x86_64-suse-linux
Configured with: ../configure --prefix=/usr --infodir=/usr/share/info --mandir=/usr/share/man --libdir=/usr/lib64 --libexecdir=/usr/lib64 --enable-languages=c,c++,objc,fortran,obj-c++,java,ada --enable-checking=release --with-gxx-include-dir=/usr/include/c++/4.8 --enable-ssp --disable-libssp --disable-plugin --with-bugurl=http://bugs.opensuse.org/ --with-pkgversion='SUSE Linux' --disable-libgcj --disable-libmudflap --with-slibdir=/lib64 --with-system-zlib --enable-__cxa_atexit --enable-libstdcxx-allocator=new --disable-libstdcxx-pch --enable-version-specific-runtime-libs --enable-linker-build-id --enable-linux-futex --program-suffix=-4.8 --without-system-libunwind --with-arch-32=i586 --with-tune=generic --build=x86_64-suse-linux --host=x86_64-suse-linux
Thread model: posix
gcc version 4.8.5 (SUSE Linux) 
configure:4806: $? = 0
configure:4795: mpicxx -V >&5
g++: error: unrecognized command line option '-V'
g++: fatal error: no input files
compilation terminated.
configure:4806: $? = 1
configure:4795: mpicxx -qversion >&5
g++: error: unrecognized command line option '-qversion'
configure:4806: $? = 1
configure:4810: checking whether we are using the GNU C++ compiler
configure:4829: mpicxx -c   conftest.cpp >&5
configure:4829: $? = 0
configure:4838: result: yes
configure:4847: checking whether mpicxx accepts -g
configure:4867: mpicxx -c -g  conftest.cpp >&5
configure:4867: $? = 0
configure:4908: result: yes
configure:5041: checking for Fortran compiler version
configure:5050: mpif77 --version >&5
ifort (IFORT) 18.0.0 20170811
Copyright (C) 1985-2017 Intel Corporation.  All rights reserved.

configure:5061: $? = 0
configure:5050: mpif77 -v >&5
ifort version 18.0.0
configure:5061: $? = 0
configure:5050: mpif77 -V >&5
Intel(R) Fortran Intel(R) 64 Compiler for applications running on Intel(R) 64, Version 18.0.0.128 Build 20170811
Copyright (C) 1985-2017 Intel Corporation.  All rights reserved.

configure:5061: $? = 0
configure:5050: mpif77 -qversion >&5
ifort: command line warning #10006: ignoring unknown option '-qversion'
/nasa/intel/Compiler/2018.0.128/compilers_and_libraries_2018.0.128/linux/compiler/lib/intel64_lin/for_main.o: In function `main':
for_main.c:(.text+0x2a): undefined reference to `MAIN__'
configure:5061: $? = 1
configure:5070: checking whether we are using the GNU Fortran compiler
configure:5083: mpif77 -c   conftest.F >&5
conftest.F(3): error #5082: Syntax error, found END-OF-STATEMENT when expecting one of: => = . [ % ( :
       choke me
---------------^
compilation aborted for conftest.F (code 1)
configure:5083: $? = 1
configure: failed program was:
|       program main
| #ifndef __GNUC__
|        choke me
| #endif
| 
|       end
configure:5092: result: no
configure:5098: checking whether mpif77 accepts -g
configure:5109: mpif77 -c -g  conftest.f >&5
configure:5109: $? = 0
configure:5117: result: yes
configure:5151: checking how to get verbose linking output from mpif77
configure:5161: mpif77 -c -g  conftest.f >&5
configure:5161: $? = 0
configure:5179: mpif77 -o conftest -g -v conftest.f
ifort version 18.0.0
/nasa/intel/Compiler/2018.0.128/compilers_and_libraries_2018.0.128/linux/bin/intel64/fortcom    -D__INTEL_COMPILER=1800 -D__INTEL_COMPILER_UPDATE=0 -D__unix__ -D__unix -D__linux__ -D__linux -D__gnu_linux__ -Dunix -Dlinux -D__ELF__ -D__x86_64 -D__x86_64__ -D__amd64 -D__amd64__ -D__INTEL_COMPILER_BUILD_DATE=20170811 -D__INTEL_OFFLOAD -D__i686 -D__i686__ -D__pentiumpro -D__pentiumpro__ -D__pentium4 -D__pentium4__ -D__tune_pentium4__ -D__SSE2__ -D__SSE2_MATH__ -D__SSE__ -D__SSE_MATH__ -D__MMX__ -mGLOB_pack_sort_init_list -I. -I/nasa/hpe/mpt/2.17r4/include -I/nasa/hpe/mpt/2.17r4/include -I/nasa/intel/Compiler/2018.0.128/compilers_and_libraries_2018.0.128/linux/ipp/include -I/nasa/intel/Compiler/2018.0.128/compilers_and_libraries_2018.0.128/linux/mkl/include -I/nasa/intel/Compiler/2018.0.128/compilers_and_libraries_2018.0.128/linux/pstl/include -I/nasa/intel/Compiler/2018.0.128/compilers_and_libraries_2018.0.128/linux/tbb/include -I/nasa/intel/Compiler/2018.0.128/compilers_and_libraries_2018.0.128/linux/tbb/include -I/nasa/intel/Compiler/2018.0.128/compilers_and_libraries_2018.0.128/linux/daal/include -I/nasa/intel/Compiler/2018.0.128/compilers_and_libraries_2018.0.128/linux/compiler/include/intel64 -I/nasa/intel/Compiler/2018.0.128/compilers_and_libraries_2018.0.128/linux/compiler/include/icc -I/nasa/intel/Compiler/2018.0.128/compilers_and_libraries_2018.0.128/linux/compiler/include -I/usr/local/include -I/usr/lib64/gcc/x86_64-suse-linux/4.8/include -I/usr/lib64/gcc/x86_64-suse-linux/4.8/include-fixed -I/usr/include/ -I/usr/include "-fp_modbits honor_f32_conversion" "-fp_modbits honor_f64_conversion" -O0 -g2 "-reentrancy threaded" -simd -offload_host -mGLOB_em64t=TRUE -mP1OPT_version=18.0-intel64 -mGLOB_diag_file=/tmp/ifort6Zlnew.diag -mGLOB_long_size_64 -mGLOB_routine_pointer_size_64 -mGLOB_source_language=GLOB_SOURCE_LANGUAGE_F90 -mP2OPT_static_promotion -mP1OPT_print_version=FALSE -mCG_use_gas_got_workaround=F -mP2OPT_align_option_used=TRUE -mGLOB_gcc_version=480 "-mGLOB_options_string=-I/nasa/hpe/mpt/2.17r4/include -o conftest -g -v -lpthread -L/nasa/hpe/mpt/2.17r4/lib -lmpi" -mGLOB_cxx_limited_range=FALSE -mCG_extend_parms=FALSE -mGLOB_compiler_bin_directory=/nasa/intel/Compiler/2018.0.128/compilers_and_libraries_2018.0.128/linux/bin/intel64 -mP3OPT_emit_line_numbers -mP2OPT_suppress_unreferenced_locals=FALSE -mGLOB_debug_target=GLOB_DEBUG_TARGET_ALL -mDEBUG_info_level=2 -mDEBUG_use_indirect_strings=TRUE -mGLOB_debug_format=GLOB_DEBUG_FORMAT_DWARF40 -mGLOB_as_output_backup_file_name=/tmp/ifortwFOpKcas_.s -mGLOB_dashboard_use_source_name -mGLOB_instruction_tuning=0x0 -mGLOB_uarch_tuning=0x0 -mGLOB_product_id_code=0x22006d90 -mGLOB_maintain_errno -mGLOB_noinline_intrinsics -mGLOB_use_base_pointer=1 -mCG_bnl_movbe=T -mGLOB_extended_instructions=0x8 -mP3OPT_use_mspp_call_convention -mP2OPT_subs_out_of_bound=FALSE -mP2OPT_disam_type_based_disam=2 -mGLOB_ansi_alias -mIPOPT_ninl_limit=0 -mIPOPT_ninl_user_level=0 -mPGOPTI_value_profile_use=T -mGLOB_opt_report_use_source_name -mP2OPT_gen_linux_const_pooling=FALSE -mP2OPT_il0_array_sections=TRUE -mGLOB_offload_mode=1 -mP2OPT_offload_unique_var_string=ifort0031979259paeO8q -mGLOB_opt_level=0 -mIPOPT_args_in_regs=0 -mP2OPT_disam_assume_nonstd_intent_in=FALSE -mGLOB_imf_mapping_library=/nasa/intel/Compiler/2018.0.128/compilers_and_libraries_2018.0.128/linux/bin/intel64/libiml_attr.so -mIPOPT_single_file_compile_and_link=TRUE -mP2OPT_hlo_embed_loopinfo -mPGOPTI_gen_threadsafe_level=0 -mIPOPT_lto_object_enabled -mIPOPT_lto_object_value=1 -mIPOPT_obj_output_file_name=/tmp/ifort6Zlnew.o -mIPOPT_whole_archive_fixup_file_name=/tmp/ifortwarchc9xGhT -mGLOB_linker_version=2.29.1 -mGLOB_driver_tempfile_name=/tmp/iforttempfilevS6xye -mP3OPT_asm_target=P3OPT_ASM_TARGET_GAS -mGLOB_async_unwind_tables=TRUE -mGLOB_obj_output_file=/tmp/ifort6Zlnew.o -mGLOB_source_dialect=GLOB_SOURCE_DIALECT_FORTRAN -mP1OPT_source_file_name=conftest.f -mP1OPT_full_source_file_name=/home3/adhruv/hypre-2.11.2/src/conftest.f -mP2OPT_symtab_type_copy=true conftest.f
#include "..." search starts here:
#include <...> search starts here:
 .
 /nasa/hpe/mpt/2.17r4/include
 /nasa/hpe/mpt/2.17r4/include
 /nasa/intel/Compiler/2018.0.128/compilers_and_libraries_2018.0.128/linux/ipp/include
 /nasa/intel/Compiler/2018.0.128/compilers_and_libraries_2018.0.128/linux/mkl/include
 /nasa/intel/Compiler/2018.0.128/compilers_and_libraries_2018.0.128/linux/pstl/include
 /nasa/intel/Compiler/2018.0.128/compilers_and_libraries_2018.0.128/linux/tbb/include
 /nasa/intel/Compiler/2018.0.128/compilers_and_libraries_2018.0.128/linux/tbb/include
 /nasa/intel/Compiler/2018.0.128/compilers_and_libraries_2018.0.128/linux/daal/include
 /nasa/intel/Compiler/2018.0.128/compilers_and_libraries_2018.0.128/linux/compiler/include/intel64
 /nasa/intel/Compiler/2018.0.128/compilers_and_libraries_2018.0.128/linux/compiler/include/icc
 /nasa/intel/Compiler/2018.0.128/compilers_and_libraries_2018.0.128/linux/compiler/include
 /usr/local/include
 /usr/lib64/gcc/x86_64-suse-linux/4.8/include
 /usr/lib64/gcc/x86_64-suse-linux/4.8/include-fixed
 /usr/include/
 /usr/include
End of search list.
/usr/lib64/gcc/x86_64-suse-linux/4.8/../../../../x86_64-suse-linux/bin/ld    /usr/lib64/gcc/x86_64-suse-linux/4.8/../../../../lib64/crt1.o /usr/lib64/gcc/x86_64-suse-linux/4.8/../../../../lib64/crti.o /usr/lib64/gcc/x86_64-suse-linux/4.8/crtbegin.o --eh-frame-hdr --build-id -dynamic-linker /lib64/ld-linux-x86-64.so.2 -m elf_x86_64 -L/nasa/hpe/mpt/2.17r4/lib -o conftest /nasa/intel/Compiler/2018.0.128/compilers_and_libraries_2018.0.128/linux/compiler/lib/intel64_lin/for_main.o -L/nasa/hpe/mpt/2.17r4/lib -L/nasa/intel/Compiler/2018.0.128/compilers_and_libraries_2018.0.128/linux/ipp/lib/intel64 -L/nasa/intel/Compiler/2018.0.128/compilers_and_libraries_2018.0.128/linux/compiler/lib/intel64_lin -L/nasa/intel/Compiler/2018.0.128/compilers_and_libraries_2018.0.128/linux/mkl/lib/intel64_lin -L/nasa/intel/Compiler/2018.0.128/compilers_and_libraries_2018.0.128/linux/tbb/lib/intel64/gcc4.1 -L/nasa/intel/Compiler/2018.0.128/compilers_and_libraries_2018.0.128/linux/tbb/lib/intel64/gcc4.1 -L/nasa/intel/Compiler/2018.0.128/compilers_and_libraries_2018.0.128/linux/daal/lib/intel64_lin -L/nasa/intel/Compiler/2018.0.128/compilers_and_libraries_2018.0.128/linux/compiler/lib/intel64_lin -L/usr/lib64/gcc/x86_64-suse-linux/4.8/ -L/usr/lib64/gcc/x86_64-suse-linux/4.8/../../../../lib64 -L/usr/lib64/gcc/x86_64-suse-linux/4.8/../../../../lib64/ -L/lib/../lib64 -L/lib/../lib64/ -L/usr/lib/../lib64 -L/usr/lib/../lib64/ -L/nasa/hpe/mpt/2.17r4/lib/ -L/nasa/intel/Compiler/2018.0.128/compilers_and_libraries_2018.0.128/linux/ipp/lib/intel64/ -L/nasa/intel/Compiler/2018.0.128/compilers_and_libraries_2018.0.128/linux/compiler/lib/intel64_lin/ -L/nasa/intel/Compiler/2018.0.128/compilers_and_libraries_2018.0.128/linux/mkl/lib/intel64_lin/ -L/nasa/intel/Compiler/2018.0.128/compilers_and_libraries_2018.0.128/linux/tbb/lib/intel64/gcc4.1/ -L/nasa/intel/Compiler/2018.0.128/compilers_and_libraries_2018.0.128/linux/daal/lib/intel64_lin/ -L/usr/lib64/gcc/x86_64-suse-linux/4.8/../../../../x86_64-suse-linux/lib/ -L/usr/lib64/gcc/x86_64-suse-linux/4.8/../../../ -L/lib64 -L/lib/ -L/usr/lib64 -L/usr/lib /tmp/ifort6Zlnew.o -lpthread /usr/lib64/libcpuset.so.1 /usr/lib64/libbitmask.so.1 -lmpi -Bdynamic -Bstatic -lifport -lifcoremt -limf -lsvml -Bdynamic -lm -Bstatic -lipgo -lirc -Bdynamic -lpthread -Bstatic -lsvml -Bdynamic -lc -lgcc -lgcc_s -Bstatic -lirc_s -Bdynamic -ldl -lc /usr/lib64/gcc/x86_64-suse-linux/4.8/crtend.o /usr/lib64/gcc/x86_64-suse-linux/4.8/../../../../lib64/crtn.o
configure:5262: result: -v
configure:5264: checking for Fortran libraries of mpif77
configure:5287: mpif77 -o conftest -g -v conftest.f
ifort version 18.0.0
/nasa/intel/Compiler/2018.0.128/compilers_and_libraries_2018.0.128/linux/bin/intel64/fortcom    -D__INTEL_COMPILER=1800 -D__INTEL_COMPILER_UPDATE=0 -D__unix__ -D__unix -D__linux__ -D__linux -D__gnu_linux__ -Dunix -Dlinux -D__ELF__ -D__x86_64 -D__x86_64__ -D__amd64 -D__amd64__ -D__INTEL_COMPILER_BUILD_DATE=20170811 -D__INTEL_OFFLOAD -D__i686 -D__i686__ -D__pentiumpro -D__pentiumpro__ -D__pentium4 -D__pentium4__ -D__tune_pentium4__ -D__SSE2__ -D__SSE2_MATH__ -D__SSE__ -D__SSE_MATH__ -D__MMX__ -mGLOB_pack_sort_init_list -I. -I/nasa/hpe/mpt/2.17r4/include -I/nasa/hpe/mpt/2.17r4/include -I/nasa/intel/Compiler/2018.0.128/compilers_and_libraries_2018.0.128/linux/ipp/include -I/nasa/intel/Compiler/2018.0.128/compilers_and_libraries_2018.0.128/linux/mkl/include -I/nasa/intel/Compiler/2018.0.128/compilers_and_libraries_2018.0.128/linux/pstl/include -I/nasa/intel/Compiler/2018.0.128/compilers_and_libraries_2018.0.128/linux/tbb/include -I/nasa/intel/Compiler/2018.0.128/compilers_and_libraries_2018.0.128/linux/tbb/include -I/nasa/intel/Compiler/2018.0.128/compilers_and_libraries_2018.0.128/linux/daal/include -I/nasa/intel/Compiler/2018.0.128/compilers_and_libraries_2018.0.128/linux/compiler/include/intel64 -I/nasa/intel/Compiler/2018.0.128/compilers_and_libraries_2018.0.128/linux/compiler/include/icc -I/nasa/intel/Compiler/2018.0.128/compilers_and_libraries_2018.0.128/linux/compiler/include -I/usr/local/include -I/usr/lib64/gcc/x86_64-suse-linux/4.8/include -I/usr/lib64/gcc/x86_64-suse-linux/4.8/include-fixed -I/usr/include/ -I/usr/include "-fp_modbits honor_f32_conversion" "-fp_modbits honor_f64_conversion" -O0 -g2 "-reentrancy threaded" -simd -offload_host -mGLOB_em64t=TRUE -mP1OPT_version=18.0-intel64 -mGLOB_diag_file=/tmp/ifortc6CzUN.diag -mGLOB_long_size_64 -mGLOB_routine_pointer_size_64 -mGLOB_source_language=GLOB_SOURCE_LANGUAGE_F90 -mP2OPT_static_promotion -mP1OPT_print_version=FALSE -mCG_use_gas_got_workaround=F -mP2OPT_align_option_used=TRUE -mGLOB_gcc_version=480 "-mGLOB_options_string=-I/nasa/hpe/mpt/2.17r4/include -o conftest -g -v -lpthread -L/nasa/hpe/mpt/2.17r4/lib -lmpi" -mGLOB_cxx_limited_range=FALSE -mCG_extend_parms=FALSE -mGLOB_compiler_bin_directory=/nasa/intel/Compiler/2018.0.128/compilers_and_libraries_2018.0.128/linux/bin/intel64 -mP3OPT_emit_line_numbers -mP2OPT_suppress_unreferenced_locals=FALSE -mGLOB_debug_target=GLOB_DEBUG_TARGET_ALL -mDEBUG_info_level=2 -mDEBUG_use_indirect_strings=TRUE -mGLOB_debug_format=GLOB_DEBUG_FORMAT_DWARF40 -mGLOB_as_output_backup_file_name=/tmp/ifortMF96tvas_.s -mGLOB_dashboard_use_source_name -mGLOB_instruction_tuning=0x0 -mGLOB_uarch_tuning=0x0 -mGLOB_product_id_code=0x22006d90 -mGLOB_maintain_errno -mGLOB_noinline_intrinsics -mGLOB_use_base_pointer=1 -mCG_bnl_movbe=T -mGLOB_extended_instructions=0x8 -mP3OPT_use_mspp_call_convention -mP2OPT_subs_out_of_bound=FALSE -mP2OPT_disam_type_based_disam=2 -mGLOB_ansi_alias -mIPOPT_ninl_limit=0 -mIPOPT_ninl_user_level=0 -mPGOPTI_value_profile_use=T -mGLOB_opt_report_use_source_name -mP2OPT_gen_linux_const_pooling=FALSE -mP2OPT_il0_array_sections=TRUE -mGLOB_offload_mode=1 -mP2OPT_offload_unique_var_string=ifort16909590351Ug63D -mGLOB_opt_level=0 -mIPOPT_args_in_regs=0 -mP2OPT_disam_assume_nonstd_intent_in=FALSE -mGLOB_imf_mapping_library=/nasa/intel/Compiler/2018.0.128/compilers_and_libraries_2018.0.128/linux/bin/intel64/libiml_attr.so -mIPOPT_single_file_compile_and_link=TRUE -mP2OPT_hlo_embed_loopinfo -mPGOPTI_gen_threadsafe_level=0 -mIPOPT_lto_object_enabled -mIPOPT_lto_object_value=1 -mIPOPT_obj_output_file_name=/tmp/ifortc6CzUN.o -mIPOPT_whole_archive_fixup_file_name=/tmp/ifortwarchcWPO4c -mGLOB_linker_version=2.29.1 -mGLOB_driver_tempfile_name=/tmp/iforttempfilezRWnSy -mP3OPT_asm_target=P3OPT_ASM_TARGET_GAS -mGLOB_async_unwind_tables=TRUE -mGLOB_obj_output_file=/tmp/ifortc6CzUN.o -mGLOB_source_dialect=GLOB_SOURCE_DIALECT_FORTRAN -mP1OPT_source_file_name=conftest.f -mP1OPT_full_source_file_name=/home3/adhruv/hypre-2.11.2/src/conftest.f -mP2OPT_symtab_type_copy=true conftest.f
#include "..." search starts here:
#include <...> search starts here:
 .
 /nasa/hpe/mpt/2.17r4/include
 /nasa/hpe/mpt/2.17r4/include
 /nasa/intel/Compiler/2018.0.128/compilers_and_libraries_2018.0.128/linux/ipp/include
 /nasa/intel/Compiler/2018.0.128/compilers_and_libraries_2018.0.128/linux/mkl/include
 /nasa/intel/Compiler/2018.0.128/compilers_and_libraries_2018.0.128/linux/pstl/include
 /nasa/intel/Compiler/2018.0.128/compilers_and_libraries_2018.0.128/linux/tbb/include
 /nasa/intel/Compiler/2018.0.128/compilers_and_libraries_2018.0.128/linux/tbb/include
 /nasa/intel/Compiler/2018.0.128/compilers_and_libraries_2018.0.128/linux/daal/include
 /nasa/intel/Compiler/2018.0.128/compilers_and_libraries_2018.0.128/linux/compiler/include/intel64
 /nasa/intel/Compiler/2018.0.128/compilers_and_libraries_2018.0.128/linux/compiler/include/icc
 /nasa/intel/Compiler/2018.0.128/compilers_and_libraries_2018.0.128/linux/compiler/include
 /usr/local/include
 /usr/lib64/gcc/x86_64-suse-linux/4.8/include
 /usr/lib64/gcc/x86_64-suse-linux/4.8/include-fixed
 /usr/include/
 /usr/include
End of search list.
/usr/lib64/gcc/x86_64-suse-linux/4.8/../../../../x86_64-suse-linux/bin/ld    /usr/lib64/gcc/x86_64-suse-linux/4.8/../../../../lib64/crt1.o /usr/lib64/gcc/x86_64-suse-linux/4.8/../../../../lib64/crti.o /usr/lib64/gcc/x86_64-suse-linux/4.8/crtbegin.o --eh-frame-hdr --build-id -dynamic-linker /lib64/ld-linux-x86-64.so.2 -m elf_x86_64 -L/nasa/hpe/mpt/2.17r4/lib -o conftest /nasa/intel/Compiler/2018.0.128/compilers_and_libraries_2018.0.128/linux/compiler/lib/intel64_lin/for_main.o -L/nasa/hpe/mpt/2.17r4/lib -L/nasa/intel/Compiler/2018.0.128/compilers_and_libraries_2018.0.128/linux/ipp/lib/intel64 -L/nasa/intel/Compiler/2018.0.128/compilers_and_libraries_2018.0.128/linux/compiler/lib/intel64_lin -L/nasa/intel/Compiler/2018.0.128/compilers_and_libraries_2018.0.128/linux/mkl/lib/intel64_lin -L/nasa/intel/Compiler/2018.0.128/compilers_and_libraries_2018.0.128/linux/tbb/lib/intel64/gcc4.1 -L/nasa/intel/Compiler/2018.0.128/compilers_and_libraries_2018.0.128/linux/tbb/lib/intel64/gcc4.1 -L/nasa/intel/Compiler/2018.0.128/compilers_and_libraries_2018.0.128/linux/daal/lib/intel64_lin -L/nasa/intel/Compiler/2018.0.128/compilers_and_libraries_2018.0.128/linux/compiler/lib/intel64_lin -L/usr/lib64/gcc/x86_64-suse-linux/4.8/ -L/usr/lib64/gcc/x86_64-suse-linux/4.8/../../../../lib64 -L/usr/lib64/gcc/x86_64-suse-linux/4.8/../../../../lib64/ -L/lib/../lib64 -L/lib/../lib64/ -L/usr/lib/../lib64 -L/usr/lib/../lib64/ -L/nasa/hpe/mpt/2.17r4/lib/ -L/nasa/intel/Compiler/2018.0.128/compilers_and_libraries_2018.0.128/linux/ipp/lib/intel64/ -L/nasa/intel/Compiler/2018.0.128/compilers_and_libraries_2018.0.128/linux/compiler/lib/intel64_lin/ -L/nasa/intel/Compiler/2018.0.128/compilers_and_libraries_2018.0.128/linux/mkl/lib/intel64_lin/ -L/nasa/intel/Compiler/2018.0.128/compilers_and_libraries_2018.0.128/linux/tbb/lib/intel64/gcc4.1/ -L/nasa/intel/Compiler/2018.0.128/compilers_and_libraries_2018.0.128/linux/daal/lib/intel64_lin/ -L/usr/lib64/gcc/x86_64-suse-linux/4.8/../../../../x86_64-suse-linux/lib/ -L/usr/lib64/gcc/x86_64-suse-linux/4.8/../../../ -L/lib64 -L/lib/ -L/usr/lib64 -L/usr/lib /tmp/ifortc6CzUN.o -lpthread /usr/lib64/libcpuset.so.1 /usr/lib64/libbitmask.so.1 -lmpi -Bdynamic -Bstatic -lifport -lifcoremt -limf -lsvml -Bdynamic -lm -Bstatic -lipgo -lirc -Bdynamic -lpthread -Bstatic -lsvml -Bdynamic -lc -lgcc -lgcc_s -Bstatic -lirc_s -Bdynamic -ldl -lc /usr/lib64/gcc/x86_64-suse-linux/4.8/crtend.o /usr/lib64/gcc/x86_64-suse-linux/4.8/../../../../lib64/crtn.o
configure:5483: result:  -L/nasa/hpe/mpt/2.17r4/lib -L/nasa/intel/Compiler/2018.0.128/compilers_and_libraries_2018.0.128/linux/ipp/lib/intel64 -L/nasa/intel/Compiler/2018.0.128/compilers_and_libraries_2018.0.128/linux/compiler/lib/intel64_lin -L/nasa/intel/Compiler/2018.0.128/compilers_and_libraries_2018.0.128/linux/mkl/lib/intel64_lin -L/nasa/intel/Compiler/2018.0.128/compilers_and_libraries_2018.0.128/linux/tbb/lib/intel64/gcc4.1 -L/nasa/intel/Compiler/2018.0.128/compilers_and_libraries_2018.0.128/linux/daal/lib/intel64_lin -L/usr/lib64/gcc/x86_64-suse-linux/4.8/ -L/usr/lib64/gcc/x86_64-suse-linux/4.8/../../../../lib64 -L/usr/lib64/gcc/x86_64-suse-linux/4.8/../../../../lib64/ -L/lib/../lib64 -L/lib/../lib64/ -L/usr/lib/../lib64 -L/usr/lib/../lib64/ -L/nasa/hpe/mpt/2.17r4/lib/ -L/nasa/intel/Compiler/2018.0.128/compilers_and_libraries_2018.0.128/linux/ipp/lib/intel64/ -L/nasa/intel/Compiler/2018.0.128/compilers_and_libraries_2018.0.128/linux/compiler/lib/intel64_lin/ -L/nasa/intel/Compiler/2018.0.128/compilers_and_libraries_2018.0.128/linux/mkl/lib/intel64_lin/ -L/nasa/intel/Compiler/2018.0.128/compilers_and_libraries_2018.0.128/linux/tbb/lib/intel64/gcc4.1/ -L/nasa/intel/Compiler/2018.0.128/compilers_and_libraries_2018.0.128/linux/daal/lib/intel64_lin/ -L/usr/lib64/gcc/x86_64-suse-linux/4.8/../../../../x86_64-suse-linux/lib/ -L/usr/lib64/gcc/x86_64-suse-linux/4.8/../../../ -L/lib64 -L/lib/ -L/usr/lib64 -L/usr/lib -lpthread -lmpi -lifport -lifcoremt -limf -lsvml -lm -lipgo -lirc -lirc_s -ldl
configure:5500: checking for dummy main to link with Fortran libraries
configure:5534: mpicc -o conftest -g -O2   conftest.c   -L/nasa/hpe/mpt/2.17r4/lib -L/nasa/intel/Compiler/2018.0.128/compilers_and_libraries_2018.0.128/linux/ipp/lib/intel64 -L/nasa/intel/Compiler/2018.0.128/compilers_and_libraries_2018.0.128/linux/compiler/lib/intel64_lin -L/nasa/intel/Compiler/2018.0.128/compilers_and_libraries_2018.0.128/linux/mkl/lib/intel64_lin -L/nasa/intel/Compiler/2018.0.128/compilers_and_libraries_2018.0.128/linux/tbb/lib/intel64/gcc4.1 -L/nasa/intel/Compiler/2018.0.128/compilers_and_libraries_2018.0.128/linux/daal/lib/intel64_lin -L/usr/lib64/gcc/x86_64-suse-linux/4.8/ -L/usr/lib64/gcc/x86_64-suse-linux/4.8/../../../../lib64 -L/usr/lib64/gcc/x86_64-suse-linux/4.8/../../../../lib64/ -L/lib/../lib64 -L/lib/../lib64/ -L/usr/lib/../lib64 -L/usr/lib/../lib64/ -L/nasa/hpe/mpt/2.17r4/lib/ -L/nasa/intel/Compiler/2018.0.128/compilers_and_libraries_2018.0.128/linux/ipp/lib/intel64/ -L/nasa/intel/Compiler/2018.0.128/compilers_and_libraries_2018.0.128/linux/compiler/lib/intel64_lin/ -L/nasa/intel/Compiler/2018.0.128/compilers_and_libraries_2018.0.128/linux/mkl/lib/intel64_lin/ -L/nasa/intel/Compiler/2018.0.128/compilers_and_libraries_2018.0.128/linux/tbb/lib/intel64/gcc4.1/ -L/nasa/intel/Compiler/2018.0.128/compilers_and_libraries_2018.0.128/linux/daal/lib/intel64_lin/ -L/usr/lib64/gcc/x86_64-suse-linux/4.8/../../../../x86_64-suse-linux/lib/ -L/usr/lib64/gcc/x86_64-suse-linux/4.8/../../../ -L/lib64 -L/lib/ -L/usr/lib64 -L/usr/lib -lpthread -lmpi -lifport -lifcoremt -limf -lsvml -lm -lipgo -lirc -lirc_s -ldl >&5
configure:5534: $? = 0
configure:5579: result: none
configure:5612: checking for Fortran name-mangling scheme
configure:5625: mpif77 -c -g  conftest.f >&5
configure:5625: $? = 0
configure:5666: mpicc -o conftest -g -O2   conftest.c cfortran_test.o   -L/nasa/hpe/mpt/2.17r4/lib -L/nasa/intel/Compiler/2018.0.128/compilers_and_libraries_2018.0.128/linux/ipp/lib/intel64 -L/nasa/intel/Compiler/2018.0.128/compilers_and_libraries_2018.0.128/linux/compiler/lib/intel64_lin -L/nasa/intel/Compiler/2018.0.128/compilers_and_libraries_2018.0.128/linux/mkl/lib/intel64_lin -L/nasa/intel/Compiler/2018.0.128/compilers_and_libraries_2018.0.128/linux/tbb/lib/intel64/gcc4.1 -L/nasa/intel/Compiler/2018.0.128/compilers_and_libraries_2018.0.128/linux/daal/lib/intel64_lin -L/usr/lib64/gcc/x86_64-suse-linux/4.8/ -L/usr/lib64/gcc/x86_64-suse-linux/4.8/../../../../lib64 -L/usr/lib64/gcc/x86_64-suse-linux/4.8/../../../../lib64/ -L/lib/../lib64 -L/lib/../lib64/ -L/usr/lib/../lib64 -L/usr/lib/../lib64/ -L/nasa/hpe/mpt/2.17r4/lib/ -L/nasa/intel/Compiler/2018.0.128/compilers_and_libraries_2018.0.128/linux/ipp/lib/intel64/ -L/nasa/intel/Compiler/2018.0.128/compilers_and_libraries_2018.0.128/linux/compiler/lib/intel64_lin/ -L/nasa/intel/Compiler/2018.0.128/compilers_and_libraries_2018.0.128/linux/mkl/lib/intel64_lin/ -L/nasa/intel/Compiler/2018.0.128/compilers_and_libraries_2018.0.128/linux/tbb/lib/intel64/gcc4.1/ -L/nasa/intel/Compiler/2018.0.128/compilers_and_libraries_2018.0.128/linux/daal/lib/intel64_lin/ -L/usr/lib64/gcc/x86_64-suse-linux/4.8/../../../../x86_64-suse-linux/lib/ -L/usr/lib64/gcc/x86_64-suse-linux/4.8/../../../ -L/lib64 -L/lib/ -L/usr/lib64 -L/usr/lib -lpthread -lmpi -lifport -lifcoremt -limf -lsvml -lm -lipgo -lirc -lirc_s -ldl >&5
/tmp/cc0FvSfN.o: In function `main':
/home3/adhruv/hypre-2.11.2/src/conftest.c:37: undefined reference to `foobar'
collect2: error: ld returned 1 exit status
configure:5666: $? = 1
configure: failed program was:
| /* confdefs.h */
| #define PACKAGE_NAME "hypre"
| #define PACKAGE_TARNAME "hypre"
| #define PACKAGE_VERSION "2.11.2"
| #define PACKAGE_STRING "hypre 2.11.2"
| #define PACKAGE_BUGREPORT ""
| #define PACKAGE_URL ""
| #define HYPRE_RELEASE_NAME "hypre"
| #define HYPRE_RELEASE_VERSION "2.11.2"
| #define HYPRE_RELEASE_DATE "2017/03/13"
| #define HYPRE_RELEASE_TIME "00:00:00"
| #define HYPRE_RELEASE_BUGS "hypre-support@llnl.gov"
| #define HYPRE_MAXDIM 3
| #define HYPRE_FMANGLE 0
| #define HYPRE_FMANGLE_BLAS 0
| #define HYPRE_FMANGLE_LAPACK 0
| /* end confdefs.h.  */
| 
| /* Override any GCC internal prototype to avoid an error.
|    Use char because int might match the return type of a GCC
|    builtin and then its argument prototype would still apply.  */
| #ifdef __cplusplus
| extern "C"
| #endif
| char foobar ();
| #ifdef FC_DUMMY_MAIN
| #ifndef FC_DUMMY_MAIN_EQ_F77
| #  ifdef __cplusplus
|      extern "C"
| #  endif
|    int FC_DUMMY_MAIN() { return 1; }
| #endif
| #endif
| int
| main ()
| {
| return foobar ();
|   ;
|   return 0;
| }
configure:5666: mpicc -o conftest -g -O2   conftest.c cfortran_test.o   -L/nasa/hpe/mpt/2.17r4/lib -L/nasa/intel/Compiler/2018.0.128/compilers_and_libraries_2018.0.128/linux/ipp/lib/intel64 -L/nasa/intel/Compiler/2018.0.128/compilers_and_libraries_2018.0.128/linux/compiler/lib/intel64_lin -L/nasa/intel/Compiler/2018.0.128/compilers_and_libraries_2018.0.128/linux/mkl/lib/intel64_lin -L/nasa/intel/Compiler/2018.0.128/compilers_and_libraries_2018.0.128/linux/tbb/lib/intel64/gcc4.1 -L/nasa/intel/Compiler/2018.0.128/compilers_and_libraries_2018.0.128/linux/daal/lib/intel64_lin -L/usr/lib64/gcc/x86_64-suse-linux/4.8/ -L/usr/lib64/gcc/x86_64-suse-linux/4.8/../../../../lib64 -L/usr/lib64/gcc/x86_64-suse-linux/4.8/../../../../lib64/ -L/lib/../lib64 -L/lib/../lib64/ -L/usr/lib/../lib64 -L/usr/lib/../lib64/ -L/nasa/hpe/mpt/2.17r4/lib/ -L/nasa/intel/Compiler/2018.0.128/compilers_and_libraries_2018.0.128/linux/ipp/lib/intel64/ -L/nasa/intel/Compiler/2018.0.128/compilers_and_libraries_2018.0.128/linux/compiler/lib/intel64_lin/ -L/nasa/intel/Compiler/2018.0.128/compilers_and_libraries_2018.0.128/linux/mkl/lib/intel64_lin/ -L/nasa/intel/Compiler/2018.0.128/compilers_and_libraries_2018.0.128/linux/tbb/lib/intel64/gcc4.1/ -L/nasa/intel/Compiler/2018.0.128/compilers_and_libraries_2018.0.128/linux/daal/lib/intel64_lin/ -L/usr/lib64/gcc/x86_64-suse-linux/4.8/../../../../x86_64-suse-linux/lib/ -L/usr/lib64/gcc/x86_64-suse-linux/4.8/../../../ -L/lib64 -L/lib/ -L/usr/lib64 -L/usr/lib -lpthread -lmpi -lifport -lifcoremt -limf -lsvml -lm -lipgo -lirc -lirc_s -ldl >&5
configure:5666: $? = 0
configure:5724: mpicc -o conftest -g -O2   conftest.c cfortran_test.o   -L/nasa/hpe/mpt/2.17r4/lib -L/nasa/intel/Compiler/2018.0.128/compilers_and_libraries_2018.0.128/linux/ipp/lib/intel64 -L/nasa/intel/Compiler/2018.0.128/compilers_and_libraries_2018.0.128/linux/compiler/lib/intel64_lin -L/nasa/intel/Compiler/2018.0.128/compilers_and_libraries_2018.0.128/linux/mkl/lib/intel64_lin -L/nasa/intel/Compiler/2018.0.128/compilers_and_libraries_2018.0.128/linux/tbb/lib/intel64/gcc4.1 -L/nasa/intel/Compiler/2018.0.128/compilers_and_libraries_2018.0.128/linux/daal/lib/intel64_lin -L/usr/lib64/gcc/x86_64-suse-linux/4.8/ -L/usr/lib64/gcc/x86_64-suse-linux/4.8/../../../../lib64 -L/usr/lib64/gcc/x86_64-suse-linux/4.8/../../../../lib64/ -L/lib/../lib64 -L/lib/../lib64/ -L/usr/lib/../lib64 -L/usr/lib/../lib64/ -L/nasa/hpe/mpt/2.17r4/lib/ -L/nasa/intel/Compiler/2018.0.128/compilers_and_libraries_2018.0.128/linux/ipp/lib/intel64/ -L/nasa/intel/Compiler/2018.0.128/compilers_and_libraries_2018.0.128/linux/compiler/lib/intel64_lin/ -L/nasa/intel/Compiler/2018.0.128/compilers_and_libraries_2018.0.128/linux/mkl/lib/intel64_lin/ -L/nasa/intel/Compiler/2018.0.128/compilers_and_libraries_2018.0.128/linux/tbb/lib/intel64/gcc4.1/ -L/nasa/intel/Compiler/2018.0.128/compilers_and_libraries_2018.0.128/linux/daal/lib/intel64_lin/ -L/usr/lib64/gcc/x86_64-suse-linux/4.8/../../../../x86_64-suse-linux/lib/ -L/usr/lib64/gcc/x86_64-suse-linux/4.8/../../../ -L/lib64 -L/lib/ -L/usr/lib64 -L/usr/lib -lpthread -lmpi -lifport -lifcoremt -limf -lsvml -lm -lipgo -lirc -lirc_s -ldl >&5
configure:5724: $? = 0
configure:5766: result: lower case, underscore, no extra underscore
configure:5842: checking for MPI_Init
configure:5842: mpicc -o conftest -g -O2   conftest.c  >&5
configure:5842: $? = 0
configure:5842: result: yes
configure:5952: checking for mpi.h
configure:5973: mpicc -c -g -O2  conftest.c >&5
configure:5973: $? = 0
configure:5974: result: yes
configure:6000: checking for MPI_Comm_f2c
configure:6000: mpicc -o conftest -g -O2   conftest.c    >&5
configure:6000: $? = 0
configure:6000: result: yes
configure:6014: checking how to run the C preprocessor
configure:6045: mpicc -E  conftest.c
configure:6045: $? = 0
configure:6059: mpicc -E  conftest.c
conftest.c:22:28: fatal error: ac_nonexistent.h: No such file or directory
 #include <ac_nonexistent.h>
                            ^
compilation terminated.
configure:6059: $? = 1
configure: failed program was:
| /* confdefs.h */
| #define PACKAGE_NAME "hypre"
| #define PACKAGE_TARNAME "hypre"
| #define PACKAGE_VERSION "2.11.2"
| #define PACKAGE_STRING "hypre 2.11.2"
| #define PACKAGE_BUGREPORT ""
| #define PACKAGE_URL ""
| #define HYPRE_RELEASE_NAME "hypre"
| #define HYPRE_RELEASE_VERSION "2.11.2"
| #define HYPRE_RELEASE_DATE "2017/03/13"
| #define HYPRE_RELEASE_TIME "00:00:00"
| #define HYPRE_RELEASE_BUGS "hypre-support@llnl.gov"
| #define HYPRE_MAXDIM 3
| #define HYPRE_FMANGLE 0
| #define HYPRE_FMANGLE_BLAS 0
| #define HYPRE_FMANGLE_LAPACK 0
| #define FC_FUNC(name,NAME) name ## _
| #define FC_FUNC_(name,NAME) name ## _
| #define HYPRE_HAVE_MPI 1
| #define HAVE_MPI_COMM_F2C 1
| /* end confdefs.h.  */
| #include <ac_nonexistent.h>
configure:6084: result: mpicc -E
configure:6104: mpicc -E  conftest.c
configure:6104: $? = 0
configure:6118: mpicc -E  conftest.c
conftest.c:22:28: fatal error: ac_nonexistent.h: No such file or directory
 #include <ac_nonexistent.h>
                            ^
compilation terminated.
configure:6118: $? = 1
configure: failed program was:
| /* confdefs.h */
| #define PACKAGE_NAME "hypre"
| #define PACKAGE_TARNAME "hypre"
| #define PACKAGE_VERSION "2.11.2"
| #define PACKAGE_STRING "hypre 2.11.2"
| #define PACKAGE_BUGREPORT ""
| #define PACKAGE_URL ""
| #define HYPRE_RELEASE_NAME "hypre"
| #define HYPRE_RELEASE_VERSION "2.11.2"
| #define HYPRE_RELEASE_DATE "2017/03/13"
| #define HYPRE_RELEASE_TIME "00:00:00"
| #define HYPRE_RELEASE_BUGS "hypre-support@llnl.gov"
| #define HYPRE_MAXDIM 3
| #define HYPRE_FMANGLE 0
| #define HYPRE_FMANGLE_BLAS 0
| #define HYPRE_FMANGLE_LAPACK 0
| #define FC_FUNC(name,NAME) name ## _
| #define FC_FUNC_(name,NAME) name ## _
| #define HYPRE_HAVE_MPI 1
| #define HAVE_MPI_COMM_F2C 1
| /* end confdefs.h.  */
| #include <ac_nonexistent.h>
configure:6147: checking for grep that handles long lines and -e
configure:6205: result: /usr/bin/grep
configure:6210: checking for egrep
configure:6272: result: /usr/bin/grep -E
configure:6277: checking whether MPI_Comm_f2c is a macro
configure:6299: result: no
configure:6752: checking for __gxx_personality_v0 in -lstdc++
configure:6785: mpicc -o conftest -g -O2   conftest.c -lstdc++     >&5
configure:6785: $? = 0
configure:6794: result: yes
configure:7107: checking for cabs in -lm
configure:7140: mpicc -o conftest -O2   conftest.c -lm     -lstdc++ >&5
conftest.c:33:6: warning: conflicting types for built-in function 'cabs' [enabled by default]
 char cabs ();
      ^
configure:7140: $? = 0
configure:7149: result: yes
configure:7243: checking the hostname
configure:7254: result: pfe27
configure:7258: checking the architecture
configure:7289: result: LINUX
configure:7530: creating ./config.status

## ---------------------- ##
## Running config.status. ##
## ---------------------- ##

This file was extended by hypre config.status 2.11.2, which was
generated by GNU Autoconf 2.69.  Invocation command line was

  CONFIG_FILES    = 
  CONFIG_HEADERS  = 
  CONFIG_LINKS    = 
  CONFIG_COMMANDS = 
  $ ./config.status 

on pfe27

config.status:882: creating config/Makefile.config
config.status:882: creating HYPRE_config.h

## ---------------- ##
## Cache variables. ##
## ---------------- ##

ac_cv_build=x86_64-pc-linux-gnu
ac_cv_c_compiler_gnu=yes
ac_cv_cxx_compiler_gnu=yes
ac_cv_env_CCC_set=
ac_cv_env_CCC_value=
ac_cv_env_CC_set=
ac_cv_env_CC_value=
ac_cv_env_CFLAGS_set=
ac_cv_env_CFLAGS_value=
ac_cv_env_CPPFLAGS_set=
ac_cv_env_CPPFLAGS_value=
ac_cv_env_CPP_set=
ac_cv_env_CPP_value=
ac_cv_env_CXXFLAGS_set=
ac_cv_env_CXXFLAGS_value=
ac_cv_env_CXX_set=
ac_cv_env_CXX_value=
ac_cv_env_FCFLAGS_set=
ac_cv_env_FCFLAGS_value=
ac_cv_env_FC_set=
ac_cv_env_FC_value=
ac_cv_env_LDFLAGS_set=
ac_cv_env_LDFLAGS_value=
ac_cv_env_LIBS_set=
ac_cv_env_LIBS_value=
ac_cv_env_build_alias_set=
ac_cv_env_build_alias_value=
ac_cv_env_host_alias_set=
ac_cv_env_host_alias_value=
ac_cv_env_target_alias_set=
ac_cv_env_target_alias_value=
ac_cv_fc_compiler_gnu=no
ac_cv_fc_dummy_main=none
ac_cv_fc_libs=' -L/nasa/hpe/mpt/2.17r4/lib -L/nasa/intel/Compiler/2018.0.128/compilers_and_libraries_2018.0.128/linux/ipp/lib/intel64 -L/nasa/intel/Compiler/2018.0.128/compilers_and_libraries_2018.0.128/linux/compiler/lib/intel64_lin -L/nasa/intel/Compiler/2018.0.128/compilers_and_libraries_2018.0.128/linux/mkl/lib/intel64_lin -L/nasa/intel/Compiler/2018.0.128/compilers_and_libraries_2018.0.128/linux/tbb/lib/intel64/gcc4.1 -L/nasa/intel/Compiler/2018.0.128/compilers_and_libraries_2018.0.128/linux/daal/lib/intel64_lin -L/usr/lib64/gcc/x86_64-suse-linux/4.8/ -L/usr/lib64/gcc/x86_64-suse-linux/4.8/../../../../lib64 -L/usr/lib64/gcc/x86_64-suse-linux/4.8/../../../../lib64/ -L/lib/../lib64 -L/lib/../lib64/ -L/usr/lib/../lib64 -L/usr/lib/../lib64/ -L/nasa/hpe/mpt/2.17r4/lib/ -L/nasa/intel/Compiler/2018.0.128/compilers_and_libraries_2018.0.128/linux/ipp/lib/intel64/ -L/nasa/intel/Compiler/2018.0.128/compilers_and_libraries_2018.0.128/linux/compiler/lib/intel64_lin/ -L/nasa/intel/Compiler/2018.0.128/compilers_and_libraries_2018.0.128/linux/mkl/lib/intel64_lin/ -L/nasa/intel/Compiler/2018.0.128/compilers_and_libraries_2018.0.128/linux/tbb/lib/intel64/gcc4.1/ -L/nasa/intel/Compiler/2018.0.128/compilers_and_libraries_2018.0.128/linux/daal/lib/intel64_lin/ -L/usr/lib64/gcc/x86_64-suse-linux/4.8/../../../../x86_64-suse-linux/lib/ -L/usr/lib64/gcc/x86_64-suse-linux/4.8/../../../ -L/lib64 -L/lib/ -L/usr/lib64 -L/usr/lib -lpthread -lmpi -lifport -lifcoremt -limf -lsvml -lm -lipgo -lirc -lirc_s -ldl'
ac_cv_fc_mangling='lower case, underscore, no extra underscore'
ac_cv_fortran_dummy_main=none
ac_cv_func_MPI_Comm_f2c=yes
ac_cv_func_MPI_Init=yes
ac_cv_host=x86_64-pc-linux-gnu
ac_cv_lib_m_cabs=yes
ac_cv_lib_stdcpp___gxx_personality_v0=yes
ac_cv_objext=o
ac_cv_path_EGREP='/usr/bin/grep -E'
ac_cv_path_GREP=/usr/bin/grep
ac_cv_prog_CC=mpicc
ac_cv_prog_CPP='mpicc -E'
ac_cv_prog_CXX=mpicxx
ac_cv_prog_FC=mpif77
ac_cv_prog_ac_ct_RANLIB=ranlib
ac_cv_prog_cc_c89=
ac_cv_prog_cc_g=yes
ac_cv_prog_cxx_g=yes
ac_cv_prog_fc_g=yes
ac_cv_prog_fc_v=-v
ac_cv_prog_make_make_set=yes
hypre_cv_func_MPI_Comm_f2c_macro=no

## ----------------- ##
## Output variables. ##
## ----------------- ##

AR='ar -rcu'
BLASLIBDIRS=''
BLASLIBS=''
BUILD_CC_SHARED=''
BUILD_CXX_SHARED=''
BUILD_FC_SHARED=''
BUILD_JAVA='0'
BUILD_PYTHON='0'
CALIPER_INCLUDE=''
CALIPER_LIBS=''
CC='mpicc'
CFLAGS='-O2'
CPP='mpicc -E'
CPPFLAGS=''
CXX='mpicxx'
CXXFLAGS='-O2'
DEFS='-DHAVE_CONFIG_H'
ECHO_C=''
ECHO_N='-n'
ECHO_T=''
EGREP='/usr/bin/grep -E'
EXEEXT=''
FC='mpif77'
FCFLAGS='-g'
FCLIBS=' -L/nasa/hpe/mpt/2.17r4/lib -L/nasa/intel/Compiler/2018.0.128/compilers_and_libraries_2018.0.128/linux/ipp/lib/intel64 -L/nasa/intel/Compiler/2018.0.128/compilers_and_libraries_2018.0.128/linux/compiler/lib/intel64_lin -L/nasa/intel/Compiler/2018.0.128/compilers_and_libraries_2018.0.128/linux/mkl/lib/intel64_lin -L/nasa/intel/Compiler/2018.0.128/compilers_and_libraries_2018.0.128/linux/tbb/lib/intel64/gcc4.1 -L/nasa/intel/Compiler/2018.0.128/compilers_and_libraries_2018.0.128/linux/daal/lib/intel64_lin -L/usr/lib64/gcc/x86_64-suse-linux/4.8/ -L/usr/lib64/gcc/x86_64-suse-linux/4.8/../../../../lib64 -L/usr/lib64/gcc/x86_64-suse-linux/4.8/../../../../lib64/ -L/lib/../lib64 -L/lib/../lib64/ -L/usr/lib/../lib64 -L/usr/lib/../lib64/ -L/nasa/hpe/mpt/2.17r4/lib/ -L/nasa/intel/Compiler/2018.0.128/compilers_and_libraries_2018.0.128/linux/ipp/lib/intel64/ -L/nasa/intel/Compiler/2018.0.128/compilers_and_libraries_2018.0.128/linux/compiler/lib/intel64_lin/ -L/nasa/intel/Compiler/2018.0.128/compilers_and_libraries_2018.0.128/linux/mkl/lib/intel64_lin/ -L/nasa/intel/Compiler/2018.0.128/compilers_and_libraries_2018.0.128/linux/tbb/lib/intel64/gcc4.1/ -L/nasa/intel/Compiler/2018.0.128/compilers_and_libraries_2018.0.128/linux/daal/lib/intel64_lin/ -L/usr/lib64/gcc/x86_64-suse-linux/4.8/../../../../x86_64-suse-linux/lib/ -L/usr/lib64/gcc/x86_64-suse-linux/4.8/../../../ -L/lib64 -L/lib/ -L/usr/lib64 -L/usr/lib -lpthread -lmpi -lifport -lifcoremt -limf -lsvml -lm -lipgo -lirc -lirc_s -ldl'
FFLAGS='-O2'
FLIBS=''
GREP='/usr/bin/grep'
HOSTNAME='pfe27'
HYPRE_ARCH='LINUX'
HYPRE_BLAS_FILES='/home3/adhruv/hypre-2.11.2/src/blas/*.o'
HYPRE_BLAS_SRC_DIR='/home3/adhruv/hypre-2.11.2/src/blas'
HYPRE_BUGS='hypre-support@llnl.gov'
HYPRE_DATE='2017/03/13'
HYPRE_FEI_BASE_DIR='/home3/adhruv/hypre-2.11.2/src/FEI_mv/fei-base'
HYPRE_FEI_FEMLI_FILES='/home3/adhruv/hypre-2.11.2/src/FEI_mv/femli/*.o'
HYPRE_FEI_HYPRE_FILES='/home3/adhruv/hypre-2.11.2/src/FEI_mv/fei-hypre/*.o'
HYPRE_FEI_SRC_DIR='/home3/adhruv/hypre-2.11.2/src/FEI_mv'
HYPRE_FEI_SUBDIRS='femli SuperLU fei-hypre'
HYPRE_FEI_SUPERLU_FILES='/home3/adhruv/hypre-2.11.2/src/FEI_mv/SuperLU/SRC/*.o'
HYPRE_INCINSTALL='${prefix}/include'
HYPRE_INSTALLDIR='NONE'
HYPRE_LAPACK_FILES='/home3/adhruv/hypre-2.11.2/src/lapack/*.o'
HYPRE_LAPACK_SRC_DIR='/home3/adhruv/hypre-2.11.2/src/lapack'
HYPRE_LIBINSTALL='${exec_prefix}/lib'
HYPRE_LIBSUFFIX='.a'
HYPRE_NAME='hypre'
HYPRE_SRCDIR='/home3/adhruv/hypre-2.11.2/src'
HYPRE_TIME='00:00:00'
HYPRE_VERSION='2.11.2'
LAPACKLIBDIRS=''
LAPACKLIBS=''
LDFLAGS=''
LIBOBJS=''
LIBS='   -lstdc++ -lm'
LINK_CC='mpicc'
LINK_CXX='mpicxx'
LINK_FC='mpif77'
LTLIBOBJS=''
MPIFLAGS=''
MPIINCLUDE=''
MPILIBDIRS=''
MPILIBS=' '
OBJEXT='o'
PACKAGE_BUGREPORT=''
PACKAGE_NAME=''
PACKAGE_STRING=''
PACKAGE_TARNAME=''
PACKAGE_URL=''
PACKAGE_VERSION=''
PATH_SEPARATOR=':'
PYTHON=''
RANLIB='ranlib'
SET_MAKE=''
SHARED_BUILD_FLAG=''
SHARED_COMPILE_FLAG=''
SHARED_OPTIONS=''
SHARED_SET_SONAME=''
SHELL='/bin/sh'
ac_ct_CC=''
ac_ct_CXX=''
ac_ct_FC=''
bindir='${exec_prefix}/bin'
build='x86_64-pc-linux-gnu'
build_alias=''
build_cpu='x86_64'
build_os='linux-gnu'
build_vendor='pc'
datadir='${datarootdir}'
datarootdir='${prefix}/share'
docdir='${datarootdir}/doc/${PACKAGE_TARNAME}'
dvidir='${docdir}'
exec_prefix='${prefix}'
host='x86_64-pc-linux-gnu'
host_alias=''
host_cpu='x86_64'
host_os='linux-gnu'
host_vendor='pc'
htmldir='${docdir}'
includedir='${prefix}/include'
infodir='${datarootdir}/info'
libdir='${exec_prefix}/lib'
libexecdir='${exec_prefix}/libexec'
localedir='${datarootdir}/locale'
localstatedir='${prefix}/var'
mandir='${datarootdir}/man'
oldincludedir='/usr/include'
pdfdir='${docdir}'
prefix='/home3/adhruv/hypre-2.11.2/src/hypre'
program_transform_name='s,x,x,'
psdir='${docdir}'
sbindir='${exec_prefix}/sbin'
sharedstatedir='${prefix}/com'
sysconfdir='${prefix}/etc'
target_alias=''

## ----------- ##
## confdefs.h. ##
## ----------- ##

/* confdefs.h */
#define PACKAGE_NAME "hypre"
#define PACKAGE_TARNAME "hypre"
#define PACKAGE_VERSION "2.11.2"
#define PACKAGE_STRING "hypre 2.11.2"
#define PACKAGE_BUGREPORT ""
#define PACKAGE_URL ""
#define HYPRE_RELEASE_NAME "hypre"
#define HYPRE_RELEASE_VERSION "2.11.2"
#define HYPRE_RELEASE_DATE "2017/03/13"
#define HYPRE_RELEASE_TIME "00:00:00"
#define HYPRE_RELEASE_BUGS "hypre-support@llnl.gov"
#define HYPRE_MAXDIM 3
#define HYPRE_FMANGLE 0
#define HYPRE_FMANGLE_BLAS 0
#define HYPRE_FMANGLE_LAPACK 0
#define FC_FUNC(name,NAME) name ## _
#define FC_FUNC_(name,NAME) name ## _
#define HYPRE_HAVE_MPI 1
#define HAVE_MPI_COMM_F2C 1
#define HYPRE_HAVE_MPI_COMM_F2C 1
#define HYPRE_NO_GLOBAL_PARTITION 1
#define HYPRE_USING_HYPRE_BLAS 1
#define HYPRE_USING_HYPRE_LAPACK 1
#define HYPRE_LINUX 1

configure: exit 0
